<?xml version="1.0" encoding="UTF-8"?>
<testsuites name="TS1001_Search_job" time="7.064" tests="1" failures="0" errors="0">
   <testsuite name="TS1001_Search_job" tests="1" failures="0" errors="0" time="7.064" skipped="0" timestamp="2566-01-27 15:15:14" hostname="Administrator - 10.53.16.135" id="Test Suites/TS1001_Search_job">
      <properties>
         <property name="deviceName" value=""/>
         <property name="devicePlatform" value=""/>
         <property name="logFolder" value="C:\\Users\\Administrator\\Katalon Studio\\IndeedWeb\\Reports\\25660127_151507\\TS1001_Search_job\\25660127_151508"/>
         <property name="logFiles" value="C:\\Users\\Administrator\\Katalon Studio\\IndeedWeb\\Reports\\25660127_151507\\TS1001_Search_job\\25660127_151508\\execution0.log"/>
         <property name="attachments" value="C:\\Users\\Administrator\\Katalon Studio\\IndeedWeb\\Reports\\25660127_151507\\TS1001_Search_job\\25660127_151508\\1674807320764.png"/>
         <property name="hostName" value="Administrator - 10.53.16.135"/>
         <property name="os" value="Windows 10 64bit"/>
         <property name="katalonVersion" value="8.5.5.208"/>
         <property name="browser" value="Chrome 109.0.0.0"/>
         <property name="hostAddress" value="10.53.16.135"/>
         <property name="sessionId" value="2aa394b79e7031c247b023d6b6b187fc"/>
         <property name="seleniumVersion" value="3.141.59"/>
         <property name="proxyInformation" value="ProxyInformation { proxyOption=NO_PROXY, proxyServerType=HTTP, username=, password=********, proxyServerAddress=, proxyServerPort=0, executionList=&quot;&quot;, isApplyToDesiredCapabilities=true }"/>
         <property name="platform" value="Windows 10"/>
      </properties>
      <testcase name="Test Cases/TC103_Search_Exeption" time="6.862" classname="Test Cases/TC103_Search_Exeption" status="PASSED">
         <system-out><![CDATA[2566-01-27 15:15:14 - [TEST_CASE][PASSED] - Test Cases/TC103_Search_Exeption: Test Cases/TC103_Search_Exeption

2566-01-27 15:15:15 - [TEST_STEP][PASSED] - openBrowser(""): Browser is opened with url: ''

2566-01-27 15:15:15 - [MESSAGE][INFO] - Starting 'Chrome' driver

2566-01-27 15:15:15 - [MESSAGE][INFO] - Action delay is set to 0 milliseconds

2566-01-27 15:15:16 - [MESSAGE][PASSED] - Browser is opened with url: ''

2566-01-27 15:15:16 - [TEST_STEP][PASSED] - navigateToUrl("https://th.indeed.com/", STOP_ON_FAILURE): Navigate to 'https://th.indeed.com/' successfully

2566-01-27 15:15:18 - [MESSAGE][PASSED] - Navigate to 'https://th.indeed.com/' successfully

2566-01-27 15:15:18 - [TEST_STEP][PASSED] - click(findTestObject("Page_Job Search  Indeed/Search_Botton")): Object: 'Object Repository/Page_Job Search  Indeed/Search_Botton' is clicked on

2566-01-27 15:15:19 - [MESSAGE][PASSED] - Object: 'Object Repository/Page_Job Search  Indeed/Search_Botton' is clicked on

2566-01-27 15:15:19 - [TEST_STEP][PASSED] - verifyTextPresent("Enter a job title or location to start a search", false): Text 'Enter a job title or location to start a search' is present on page 

2566-01-27 15:15:20 - [MESSAGE][PASSED] - Text 'Enter a job title or location to start a search' is present on page 

2566-01-27 15:15:20 - [TEST_STEP][PASSED] - takeScreenshot(): Taking screenshot successfully

2566-01-27 15:15:20 - [MESSAGE][PASSED] - Taking screenshot successfully
[[ATTACHMENT|C:\\Users\\Administrator\\Katalon Studio\\IndeedWeb\\Reports\\25660127_151507\\TS1001_Search_job\\25660127_151508\\1674807320764.png]]

2566-01-27 15:15:20 - [TEST_STEP][PASSED] - closeBrowser(): Browser is closed

2566-01-27 15:15:21 - [MESSAGE][PASSED] - Browser is closed]]></system-out>
         <system-err><![CDATA[]]></system-err>
      </testcase>
      <system-out><![CDATA[2566-01-27 15:15:14 - [TEST_SUITE][PASSED] - TS1001_Search_job: Test Cases/TC103_Search_Exeption]]></system-out>
      <system-err><![CDATA[]]></system-err>
   </testsuite>
</testsuites>
